<?xml version="1.0" encoding="UTF-8"?>
<!-- Generated by org.testng.reporters.JUnitReportReporter -->
<testsuite hostname="RSPLLT763" failures="0" tests="6" name="api.test.DDTests" time="7.644" errors="0" timestamp="2025-06-10T12:30:19 IST" skipped="0">
  <testcase classname="api.test.DDTests" name="testPostUser" time="2.655"/>
  <testcase classname="api.test.DDTests" name="testPostUser" time="1.461"/>
  <testcase classname="api.test.DDTests" name="testGetUserByUserName" time="0.848"/>
  <testcase classname="api.test.DDTests" name="testGetUserByUserName" time="0.910"/>
  <testcase classname="api.test.DDTests" name="testDeleteUserbyUserName" time="0.925"/>
  <testcase classname="api.test.DDTests" name="testDeleteUserbyUserName" time="0.845"/>
</testsuite> <!-- api.test.DDTests -->
