<?xml version="1.0" encoding="UTF-8"?>
<!-- Generated by org.testng.reporters.JUnitReportReporter -->
<testsuite hostname="RSPLLT763" failures="0" tests="4" name="api.test.UserTest" time="7.221" errors="0" timestamp="2025-06-10T12:23:38 IST" skipped="0">
  <testcase classname="api.test.UserTest" name="testPostUser" time="3.006"/>
  <testcase classname="api.test.UserTest" name="testGetUserByName" time="1.547"/>
  <testcase classname="api.test.UserTest" name="testUpdateUserbyName" time="1.787"/>
  <testcase classname="api.test.UserTest" name="testDeleteUserbyName" time="0.881"/>
</testsuite> <!-- api.test.UserTest -->
